<?xml version="1.0" encoding="UTF-8"?>
<testng-results skipped="0" failed="1" total="6" passed="5">
  <reporter-output>
  </reporter-output>
  <suite name="Default suite" duration-ms="18767" started-at="2014-12-04T12:52:51Z" finished-at="2014-12-04T12:53:09Z">
    <groups>
    </groups>
    <test name="Default test" duration-ms="18767" started-at="2014-12-04T12:52:51Z" finished-at="2014-12-04T12:53:09Z">
      <class name="the.internet.app.NextStepMove">
        <test-method status="PASS" signature="beforeSuite()[pri:0, instance:the.internet.app.NextStepMove@51a30bb]" name="beforeSuite" is-config="true" duration-ms="8378" started-at="2014-12-04T18:22:42Z" finished-at="2014-12-04T18:22:51Z">
          <reporter-output>
          </reporter-output>
        </test-method> <!-- beforeSuite -->
        <test-method status="PASS" signature="setTestSuite()[pri:0, instance:the.internet.app.NextStepMove@51a30bb]" name="setTestSuite" is-config="true" duration-ms="0" started-at="2014-12-04T18:22:51Z" depends-on-methods="the.internet.app.TheInternateBase.beforeSuite" finished-at="2014-12-04T18:22:51Z">
          <reporter-output>
          </reporter-output>
        </test-method> <!-- setTestSuite -->
        <test-method status="PASS" signature="changingDom()[pri:0, instance:the.internet.app.NextStepMove@51a30bb]" name="changingDom" duration-ms="1943" started-at="2014-12-04T18:22:51Z" finished-at="2014-12-04T18:22:52Z">
          <reporter-output>
          </reporter-output>
        </test-method> <!-- changingDom -->
        <test-method status="PASS" signature="backTOmainpage()[pri:0, instance:the.internet.app.NextStepMove@51a30bb]" name="backTOmainpage" is-config="true" duration-ms="25" started-at="2014-12-04T18:22:52Z" finished-at="2014-12-04T18:22:53Z">
          <reporter-output>
          </reporter-output>
        </test-method> <!-- backTOmainpage -->
        <test-method status="PASS" signature="contextMenuSelection()[pri:0, instance:the.internet.app.NextStepMove@51a30bb]" name="contextMenuSelection" duration-ms="2159" started-at="2014-12-04T18:22:53Z" finished-at="2014-12-04T18:22:55Z">
          <reporter-output>
          </reporter-output>
        </test-method> <!-- contextMenuSelection -->
        <test-method status="PASS" signature="backTOmainpage()[pri:0, instance:the.internet.app.NextStepMove@51a30bb]" name="backTOmainpage" is-config="true" duration-ms="56" started-at="2014-12-04T18:22:55Z" finished-at="2014-12-04T18:22:55Z">
          <reporter-output>
          </reporter-output>
        </test-method> <!-- backTOmainpage -->
        <test-method status="PASS" signature="dragNDrop()[pri:0, instance:the.internet.app.NextStepMove@51a30bb]" name="dragNDrop" duration-ms="2617" started-at="2014-12-04T18:22:55Z" finished-at="2014-12-04T18:22:57Z">
          <reporter-output>
          </reporter-output>
        </test-method> <!-- dragNDrop -->
        <test-method status="PASS" signature="backTOmainpage()[pri:0, instance:the.internet.app.NextStepMove@51a30bb]" name="backTOmainpage" is-config="true" duration-ms="62" started-at="2014-12-04T18:22:57Z" finished-at="2014-12-04T18:22:57Z">
          <reporter-output>
          </reporter-output>
        </test-method> <!-- backTOmainpage -->
        <test-method status="PASS" signature="dropDownOption()[pri:0, instance:the.internet.app.NextStepMove@51a30bb]" name="dropDownOption" duration-ms="1523" started-at="2014-12-04T18:22:57Z" finished-at="2014-12-04T18:22:59Z">
          <reporter-output>
          </reporter-output>
        </test-method> <!-- dropDownOption -->
        <test-method status="PASS" signature="backTOmainpage()[pri:0, instance:the.internet.app.NextStepMove@51a30bb]" name="backTOmainpage" is-config="true" duration-ms="60" started-at="2014-12-04T18:22:59Z" finished-at="2014-12-04T18:22:59Z">
          <reporter-output>
          </reporter-output>
        </test-method> <!-- backTOmainpage -->
        <test-method status="PASS" signature="dynamicContent()[pri:0, instance:the.internet.app.NextStepMove@51a30bb]" name="dynamicContent" duration-ms="1606" started-at="2014-12-04T18:22:59Z" finished-at="2014-12-04T18:23:01Z">
          <reporter-output>
          </reporter-output>
        </test-method> <!-- dynamicContent -->
        <test-method status="PASS" signature="backTOmainpage()[pri:0, instance:the.internet.app.NextStepMove@51a30bb]" name="backTOmainpage" is-config="true" duration-ms="78" started-at="2014-12-04T18:23:01Z" finished-at="2014-12-04T18:23:01Z">
          <reporter-output>
          </reporter-output>
        </test-method> <!-- backTOmainpage -->
        <test-method status="FAIL" signature="dynamicContentLoad()[pri:0, instance:the.internet.app.NextStepMove@51a30bb]" name="dynamicContentLoad" duration-ms="8592" started-at="2014-12-04T18:23:01Z" finished-at="2014-12-04T18:23:09Z">
          <exception class="org.openqa.selenium.NoSuchElementException">
            <message>
              <![CDATA[Unable to locate element: {"method":"xpath","selector":".//*[@id='start']/button"}
Command duration or timeout: 486 milliseconds
For documentation on this error, please visit: http://seleniumhq.org/exceptions/no_such_element.html
Build info: version: '2.44.0', revision: '76d78cf', time: '2014-10-23 20:03:00'
System info: host: 'SKOTWAL', ip: '172.16.21.163', os.name: 'Windows 8.1', os.arch: 'amd64', os.version: '6.3', java.version: '1.7.0_71'
Session ID: fb184e78-83b3-4f32-975a-a7d19f8f79ab
Driver info: org.openqa.selenium.firefox.FirefoxDriver
Capabilities [{platform=WINDOWS, acceptSslCerts=true, javascriptEnabled=true, cssSelectorsEnabled=true, databaseEnabled=true, browserName=firefox, handlesAlerts=true, nativeEvents=true, webStorageEnabled=true, rotatable=false, locationContextEnabled=true, applicationCacheEnabled=true, takesScreenshot=true, version=33.1.1}]]]>
            </message>
            <full-stacktrace>
              <![CDATA[org.openqa.selenium.NoSuchElementException: Unable to locate element: {"method":"xpath","selector":".//*[@id='start']/button"}
Command duration or timeout: 486 milliseconds
For documentation on this error, please visit: http://seleniumhq.org/exceptions/no_such_element.html
Build info: version: '2.44.0', revision: '76d78cf', time: '2014-10-23 20:03:00'
System info: host: 'SKOTWAL', ip: '172.16.21.163', os.name: 'Windows 8.1', os.arch: 'amd64', os.version: '6.3', java.version: '1.7.0_71'
Session ID: fb184e78-83b3-4f32-975a-a7d19f8f79ab
Driver info: org.openqa.selenium.firefox.FirefoxDriver
Capabilities [{platform=WINDOWS, acceptSslCerts=true, javascriptEnabled=true, cssSelectorsEnabled=true, databaseEnabled=true, browserName=firefox, handlesAlerts=true, nativeEvents=true, webStorageEnabled=true, rotatable=false, locationContextEnabled=true, applicationCacheEnabled=true, takesScreenshot=true, version=33.1.1}]
	at sun.reflect.NativeConstructorAccessorImpl.newInstance0(Native Method)
	at sun.reflect.NativeConstructorAccessorImpl.newInstance(Unknown Source)
	at sun.reflect.DelegatingConstructorAccessorImpl.newInstance(Unknown Source)
	at java.lang.reflect.Constructor.newInstance(Unknown Source)
	at org.openqa.selenium.remote.ErrorHandler.createThrowable(ErrorHandler.java:204)
	at org.openqa.selenium.remote.ErrorHandler.throwIfResponseFailed(ErrorHandler.java:156)
	at org.openqa.selenium.remote.RemoteWebDriver.execute(RemoteWebDriver.java:599)
	at org.openqa.selenium.remote.RemoteWebDriver.findElement(RemoteWebDriver.java:352)
	at org.openqa.selenium.remote.RemoteWebDriver.findElementByXPath(RemoteWebDriver.java:449)
	at org.openqa.selenium.By$ByXPath.findElement(By.java:357)
	at org.openqa.selenium.remote.RemoteWebDriver.findElement(RemoteWebDriver.java:344)
	at the.internet.app.NextStepMove.dynamicContentLoad(NextStepMove.java:120)
	at sun.reflect.NativeMethodAccessorImpl.invoke0(Native Method)
	at sun.reflect.NativeMethodAccessorImpl.invoke(Unknown Source)
	at sun.reflect.DelegatingMethodAccessorImpl.invoke(Unknown Source)
	at java.lang.reflect.Method.invoke(Unknown Source)
	at org.testng.internal.MethodInvocationHelper.invokeMethod(MethodInvocationHelper.java:84)
	at org.testng.internal.Invoker.invokeMethod(Invoker.java:714)
	at org.testng.internal.Invoker.invokeTestMethod(Invoker.java:901)
	at org.testng.internal.Invoker.invokeTestMethods(Invoker.java:1231)
	at org.testng.internal.TestMethodWorker.invokeTestMethods(TestMethodWorker.java:127)
	at org.testng.internal.TestMethodWorker.run(TestMethodWorker.java:111)
	at org.testng.TestRunner.privateRun(TestRunner.java:767)
	at org.testng.TestRunner.run(TestRunner.java:617)
	at org.testng.SuiteRunner.runTest(SuiteRunner.java:334)
	at org.testng.SuiteRunner.runSequentially(SuiteRunner.java:329)
	at org.testng.SuiteRunner.privateRun(SuiteRunner.java:291)
	at org.testng.SuiteRunner.run(SuiteRunner.java:240)
	at org.testng.SuiteRunnerWorker.runSuite(SuiteRunnerWorker.java:52)
	at org.testng.SuiteRunnerWorker.run(SuiteRunnerWorker.java:86)
	at org.testng.TestNG.runSuitesSequentially(TestNG.java:1224)
	at org.testng.TestNG.runSuitesLocally(TestNG.java:1149)
	at org.testng.TestNG.run(TestNG.java:1057)
	at org.testng.remote.RemoteTestNG.run(RemoteTestNG.java:111)
	at org.testng.remote.RemoteTestNG.initAndRun(RemoteTestNG.java:204)
	at org.testng.remote.RemoteTestNG.main(RemoteTestNG.java:175)
Caused by: org.openqa.selenium.NoSuchElementException: Unable to locate element: {"method":"xpath","selector":".//*[@id='start']/button"}
For documentation on this error, please visit: http://seleniumhq.org/exceptions/no_such_element.html
Build info: version: '2.44.0', revision: '76d78cf', time: '2014-10-23 20:03:00'
System info: host: 'SKOTWAL', ip: '172.16.21.163', os.name: 'Windows 8.1', os.arch: 'amd64', os.version: '6.3', java.version: '1.7.0_71'
Driver info: driver.version: unknown
	at <anonymous class>.FirefoxDriver.prototype.findElementInternal_(file:///C:/Users/SWAPNI~1.KOT/AppData/Local/Temp/anonymous2626388659944248789webdriver-profile/extensions/fxdriver@googlecode.com/components/driver-component.js:9641:26)
	at <anonymous class>.FirefoxDriver.prototype.findElement(file:///C:/Users/SWAPNI~1.KOT/AppData/Local/Temp/anonymous2626388659944248789webdriver-profile/extensions/fxdriver@googlecode.com/components/driver-component.js:9650:3)
	at <anonymous class>.DelayedCommand.prototype.executeInternal_/h(file:///C:/Users/SWAPNI~1.KOT/AppData/Local/Temp/anonymous2626388659944248789webdriver-profile/extensions/fxdriver@googlecode.com/components/command-processor.js:11635:16)
	at <anonymous class>.DelayedCommand.prototype.executeInternal_(file:///C:/Users/SWAPNI~1.KOT/AppData/Local/Temp/anonymous2626388659944248789webdriver-profile/extensions/fxdriver@googlecode.com/components/command-processor.js:11640:7)
	at <anonymous class>.DelayedCommand.prototype.execute/<(file:///C:/Users/SWAPNI~1.KOT/AppData/Local/Temp/anonymous2626388659944248789webdriver-profile/extensions/fxdriver@googlecode.com/components/command-processor.js:11582:5)
]]>
            </full-stacktrace>
          </exception> <!-- org.openqa.selenium.NoSuchElementException -->
          <reporter-output>
          </reporter-output>
        </test-method> <!-- dynamicContentLoad -->
        <test-method status="PASS" signature="backTOmainpage()[pri:0, instance:the.internet.app.NextStepMove@51a30bb]" name="backTOmainpage" is-config="true" duration-ms="17" started-at="2014-12-04T18:23:09Z" finished-at="2014-12-04T18:23:09Z">
          <reporter-output>
          </reporter-output>
        </test-method> <!-- backTOmainpage -->
        <test-method status="PASS" signature="afterSuite()[pri:0, instance:the.internet.app.NextStepMove@51a30bb]" name="afterSuite" is-config="true" duration-ms="210" started-at="2014-12-04T18:23:09Z" finished-at="2014-12-04T18:23:10Z">
          <reporter-output>
          </reporter-output>
        </test-method> <!-- afterSuite -->
      </class> <!-- the.internet.app.NextStepMove -->
    </test> <!-- Default test -->
  </suite> <!-- Default suite -->
</testng-results>
