<!DOCTYPE html PUBLIC "-//W3C//DTD XHTML 1.1//EN" "http://www.w3.org/TR/xhtml11/DTD/xhtml11.dtd">
<html xmlns="http://www.w3.org/1999/xhtml"><head><title>TestNG Report</title><style type="text/css">table {margin-bottom:10px;border-collapse:collapse;empty-cells:show}th,td {border:1px solid #009;padding:.25em .5em}th {vertical-align:bottom}td {vertical-align:top}table a {font-weight:bold}.stripe td {background-color: #E6EBF9}.num {text-align:right}.passedodd td {background-color: #3F3}.passedeven td {background-color: #0A0}.skippedodd td {background-color: #DDD}.skippedeven td {background-color: #CCC}.failedodd td,.attn {background-color: #F33}.failedeven td,.stripe .attn {background-color: #D00}.stacktrace {white-space:pre;font-family:monospace}.totop {font-size:85%;text-align:center;border-bottom:2px solid #000}</style></head><body><table><tr><th>Test</th><th># Passed</th><th># Skipped</th><th># Failed</th><th>Time (ms)</th><th>Included Groups</th><th>Excluded Groups</th></tr><tr><th colspan="7">The Internet Suite</th></tr><tr><td><a href="#t0">Next 4 Tests</a></td><td class="num">2</td><td class="num">0</td><td class="num attn">4</td><td class="num">3,856</td><td></td><td></td></tr></table><table><thead><tr><th>Class</th><th>Method</th><th>Start</th><th>Time (ms)</th></tr></thead><tbody><tr><th colspan="4">The Internet Suite</th></tr></tbody><tbody id="t0"><tr><th colspan="4">Next 4 Tests &#8212; failed</th></tr><tr class="failedeven"><td rowspan="4">the.internet.app.NextStepMove</td><td><a href="#m0">contextMenuSelection</a></td><td rowspan="1">1418892295302</td><td rowspan="1">563</td></tr><tr class="failedeven"><td><a href="#m1">dragNDrop</a></td><td rowspan="1">1418892295873</td><td rowspan="1">502</td></tr><tr class="failedeven"><td><a href="#m2">dropDownOption</a></td><td rowspan="1">1418892296379</td><td rowspan="1">438</td></tr><tr class="failedeven"><td><a href="#m3">dynamicContentLoad</a></td><td rowspan="1">1418892297315</td><td rowspan="1">1245</td></tr><tr><th colspan="4">Next 4 Tests &#8212; passed</th></tr><tr class="passedeven"><td rowspan="2">the.internet.app.NextStepMove</td><td><a href="#m4">changingDom</a></td><td rowspan="1">1418892294729</td><td rowspan="1">568</td></tr><tr class="passedeven"><td><a href="#m5">dynamicContent</a></td><td rowspan="1">1418892296834</td><td rowspan="1">464</td></tr></tbody></table><h2>Next 4 Tests</h2><h3 id="m0">the.internet.app.NextStepMove#contextMenuSelection</h3><table class="result"><tr><th>Exception</th></tr><tr><td><div class="stacktrace">org.openqa.selenium.NoAlertPresentException: no alert open
  (Session info: chrome=39.0.2171.95)
  (Driver info: chromedriver=2.12.301325 (962dea43ddd90e7e4224a03fa3c36a421281abb7),platform=Windows NT 6.3 x86_64) (WARNING: The server did not provide any stacktrace information)
Command duration or timeout: 0 milliseconds
Build info: version: &apos;2.44.0&apos;, revision: &apos;76d78cf&apos;, time: &apos;2014-10-23 20:03:00&apos;
System info: host: &apos;SKOTWAL&apos;, ip: &apos;172.16.21.189&apos;, os.name: &apos;Windows 8.1&apos;, os.arch: &apos;amd64&apos;, os.version: &apos;6.3&apos;, java.version: &apos;1.7.0_71&apos;
Session ID: 0d2707c3bce65e0e288c08d52bed4010
Driver info: org.openqa.selenium.chrome.ChromeDriver
Capabilities [{platform=WIN8_1, acceptSslCerts=true, javascriptEnabled=true, browserName=chrome, chrome={userDataDir=C:\Users\SWAPNI~1.KOT\AppData\Local\Temp\scoped_dir8264_3799}, rotatable=false, locationContextEnabled=true, mobileEmulationEnabled=false, version=39.0.2171.95, takesHeapSnapshot=true, cssSelectorsEnabled=true, databaseEnabled=false, handlesAlerts=true, browserConnectionEnabled=false, webStorageEnabled=true, nativeEvents=true, applicationCacheEnabled=false, takesScreenshot=true}]
	at org.openqa.selenium.remote.ErrorHandler.createThrowable(ErrorHandler.java:204)
	at org.openqa.selenium.remote.ErrorHandler.throwIfResponseFailed(ErrorHandler.java:156)
	at org.openqa.selenium.remote.RemoteWebDriver.execute(RemoteWebDriver.java:599)
	at org.openqa.selenium.remote.RemoteWebDriver.execute(RemoteWebDriver.java:614)
	at org.openqa.selenium.remote.RemoteWebDriver$RemoteTargetLocator.alert(RemoteWebDriver.java:899)
	at the.internet.app.NextStepMove.contextMenuSelection(Unknown Source)
... Removed 27 stack frames</div></td></tr></table><p class="totop"><a href="#summary">back to summary</a></p><h3 id="m1">the.internet.app.NextStepMove#dragNDrop</h3><table class="result"><tr><th>Exception</th></tr><tr><td><div class="stacktrace">org.openqa.selenium.NoSuchElementException: no such element
  (Session info: chrome=39.0.2171.95)
  (Driver info: chromedriver=2.12.301325 (962dea43ddd90e7e4224a03fa3c36a421281abb7),platform=Windows NT 6.3 x86_64) (WARNING: The server did not provide any stacktrace information)
Command duration or timeout: 14 milliseconds
For documentation on this error, please visit: http://seleniumhq.org/exceptions/no_such_element.html
Build info: version: &apos;2.44.0&apos;, revision: &apos;76d78cf&apos;, time: &apos;2014-10-23 20:03:00&apos;
System info: host: &apos;SKOTWAL&apos;, ip: &apos;172.16.21.189&apos;, os.name: &apos;Windows 8.1&apos;, os.arch: &apos;amd64&apos;, os.version: &apos;6.3&apos;, java.version: &apos;1.7.0_71&apos;
Session ID: 0d2707c3bce65e0e288c08d52bed4010
Driver info: org.openqa.selenium.chrome.ChromeDriver
Capabilities [{platform=WIN8_1, acceptSslCerts=true, javascriptEnabled=true, browserName=chrome, chrome={userDataDir=C:\Users\SWAPNI~1.KOT\AppData\Local\Temp\scoped_dir8264_3799}, rotatable=false, locationContextEnabled=true, mobileEmulationEnabled=false, version=39.0.2171.95, takesHeapSnapshot=true, cssSelectorsEnabled=true, databaseEnabled=false, handlesAlerts=true, browserConnectionEnabled=false, webStorageEnabled=true, nativeEvents=true, applicationCacheEnabled=false, takesScreenshot=true}]
	at org.openqa.selenium.remote.ErrorHandler.createThrowable(ErrorHandler.java:204)
	at org.openqa.selenium.remote.ErrorHandler.throwIfResponseFailed(ErrorHandler.java:156)
	at org.openqa.selenium.remote.RemoteWebDriver.execute(RemoteWebDriver.java:599)
	at org.openqa.selenium.remote.RemoteWebDriver.findElement(RemoteWebDriver.java:352)
	at org.openqa.selenium.remote.RemoteWebDriver.findElementById(RemoteWebDriver.java:393)
	at org.openqa.selenium.By$ById.findElement(By.java:214)
	at org.openqa.selenium.remote.RemoteWebDriver.findElement(RemoteWebDriver.java:344)
	at the.internet.app.NextStepMove.dragNDrop(Unknown Source)
... Removed 27 stack frames</div></td></tr></table><p class="totop"><a href="#summary">back to summary</a></p><h3 id="m2">the.internet.app.NextStepMove#dropDownOption</h3><table class="result"><tr><th>Exception</th></tr><tr><td><div class="stacktrace">org.openqa.selenium.NoSuchElementException: no such element
  (Session info: chrome=39.0.2171.95)
  (Driver info: chromedriver=2.12.301325 (962dea43ddd90e7e4224a03fa3c36a421281abb7),platform=Windows NT 6.3 x86_64) (WARNING: The server did not provide any stacktrace information)
Command duration or timeout: 14 milliseconds
For documentation on this error, please visit: http://seleniumhq.org/exceptions/no_such_element.html
Build info: version: &apos;2.44.0&apos;, revision: &apos;76d78cf&apos;, time: &apos;2014-10-23 20:03:00&apos;
System info: host: &apos;SKOTWAL&apos;, ip: &apos;172.16.21.189&apos;, os.name: &apos;Windows 8.1&apos;, os.arch: &apos;amd64&apos;, os.version: &apos;6.3&apos;, java.version: &apos;1.7.0_71&apos;
Session ID: 0d2707c3bce65e0e288c08d52bed4010
Driver info: org.openqa.selenium.chrome.ChromeDriver
Capabilities [{platform=WIN8_1, acceptSslCerts=true, javascriptEnabled=true, browserName=chrome, chrome={userDataDir=C:\Users\SWAPNI~1.KOT\AppData\Local\Temp\scoped_dir8264_3799}, rotatable=false, locationContextEnabled=true, mobileEmulationEnabled=false, version=39.0.2171.95, takesHeapSnapshot=true, cssSelectorsEnabled=true, databaseEnabled=false, handlesAlerts=true, browserConnectionEnabled=false, webStorageEnabled=true, nativeEvents=true, applicationCacheEnabled=false, takesScreenshot=true}]
	at org.openqa.selenium.remote.ErrorHandler.createThrowable(ErrorHandler.java:204)
	at org.openqa.selenium.remote.ErrorHandler.throwIfResponseFailed(ErrorHandler.java:156)
	at org.openqa.selenium.remote.RemoteWebDriver.execute(RemoteWebDriver.java:599)
	at org.openqa.selenium.remote.RemoteWebDriver.findElement(RemoteWebDriver.java:352)
	at org.openqa.selenium.remote.RemoteWebDriver.findElementById(RemoteWebDriver.java:393)
	at org.openqa.selenium.By$ById.findElement(By.java:214)
	at org.openqa.selenium.remote.RemoteWebDriver.findElement(RemoteWebDriver.java:344)
	at the.internet.app.NextStepMove.dropDownOption(Unknown Source)
... Removed 27 stack frames</div></td></tr></table><p class="totop"><a href="#summary">back to summary</a></p><h3 id="m3">the.internet.app.NextStepMove#dynamicContentLoad</h3><table class="result"><tr><th>Exception</th></tr><tr><td><div class="stacktrace">org.openqa.selenium.NoSuchElementException: no such element
  (Session info: chrome=39.0.2171.95)
  (Driver info: chromedriver=2.12.301325 (962dea43ddd90e7e4224a03fa3c36a421281abb7),platform=Windows NT 6.3 x86_64) (WARNING: The server did not provide any stacktrace information)
Command duration or timeout: 42 milliseconds
For documentation on this error, please visit: http://seleniumhq.org/exceptions/no_such_element.html
Build info: version: &apos;2.44.0&apos;, revision: &apos;76d78cf&apos;, time: &apos;2014-10-23 20:03:00&apos;
System info: host: &apos;SKOTWAL&apos;, ip: &apos;172.16.21.189&apos;, os.name: &apos;Windows 8.1&apos;, os.arch: &apos;amd64&apos;, os.version: &apos;6.3&apos;, java.version: &apos;1.7.0_71&apos;
Session ID: 0d2707c3bce65e0e288c08d52bed4010
Driver info: org.openqa.selenium.chrome.ChromeDriver
Capabilities [{platform=WIN8_1, acceptSslCerts=true, javascriptEnabled=true, browserName=chrome, chrome={userDataDir=C:\Users\SWAPNI~1.KOT\AppData\Local\Temp\scoped_dir8264_3799}, rotatable=false, locationContextEnabled=true, mobileEmulationEnabled=false, version=39.0.2171.95, takesHeapSnapshot=true, cssSelectorsEnabled=true, databaseEnabled=false, handlesAlerts=true, browserConnectionEnabled=false, webStorageEnabled=true, nativeEvents=true, applicationCacheEnabled=false, takesScreenshot=true}]
	at org.openqa.selenium.remote.ErrorHandler.createThrowable(ErrorHandler.java:204)
	at org.openqa.selenium.remote.ErrorHandler.throwIfResponseFailed(ErrorHandler.java:156)
	at org.openqa.selenium.remote.RemoteWebDriver.execute(RemoteWebDriver.java:599)
	at org.openqa.selenium.remote.RemoteWebDriver.findElement(RemoteWebDriver.java:352)
	at org.openqa.selenium.remote.RemoteWebDriver.findElementByXPath(RemoteWebDriver.java:449)
	at org.openqa.selenium.By$ByXPath.findElement(By.java:357)
	at org.openqa.selenium.remote.RemoteWebDriver.findElement(RemoteWebDriver.java:344)
	at the.internet.app.NextStepMove.dynamicContentLoad(Unknown Source)
... Removed 27 stack frames</div></td></tr></table><p class="totop"><a href="#summary">back to summary</a></p><h3 id="m4">the.internet.app.NextStepMove#changingDom</h3><table class="result"></table><p class="totop"><a href="#summary">back to summary</a></p><h3 id="m5">the.internet.app.NextStepMove#dynamicContent</h3><table class="result"></table><p class="totop"><a href="#summary">back to summary</a></p></body></html>